In file included from src/levelGenerator.c:1:
./include/levelGenerator.h: In function ‘objects_get_cone’:
./include/levelGenerator.h:7: warning: empty declaration
In file included from /usr/include/stdio.h:34,
                 from src/levelGenerator.c:6:
/usr/lib/gcc/x86_64-redhat-linux/4.4.7/include/stddef.h:211: error: storage class specified for parameter ‘size_t’
In file included from /usr/include/stdio.h:36,
                 from src/levelGenerator.c:6:
/usr/include/bits/types.h:31: error: storage class specified for parameter ‘__u_char’
/usr/include/bits/types.h:32: error: storage class specified for parameter ‘__u_short’
/usr/include/bits/types.h:33: error: storage class specified for parameter ‘__u_int’
/usr/include/bits/types.h:34: error: storage class specified for parameter ‘__u_long’
/usr/include/bits/types.h:37: error: storage class specified for parameter ‘__int8_t’
/usr/include/bits/types.h:38: error: storage class specified for parameter ‘__uint8_t’
/usr/include/bits/types.h:39: error: storage class specified for parameter ‘__int16_t’
/usr/include/bits/types.h:40: error: storage class specified for parameter ‘__uint16_t’
/usr/include/bits/types.h:41: error: storage class specified for parameter ‘__int32_t’
/usr/include/bits/types.h:42: error: storage class specified for parameter ‘__uint32_t’
/usr/include/bits/types.h:44: error: storage class specified for parameter ‘__int64_t’
/usr/include/bits/types.h:45: error: storage class specified for parameter ‘__uint64_t’
/usr/include/bits/types.h:53: error: storage class specified for parameter ‘__quad_t’
/usr/include/bits/types.h:54: error: storage class specified for parameter ‘__u_quad_t’
In file included from /usr/include/stdio.h:36,
                 from src/levelGenerator.c:6:
/usr/include/bits/types.h:134: error: storage class specified for parameter ‘__dev_t’
/usr/include/bits/types.h:135: error: storage class specified for parameter ‘__uid_t’
/usr/include/bits/types.h:136: error: storage class specified for parameter ‘__gid_t’
/usr/include/bits/types.h:137: error: storage class specified for parameter ‘__ino_t’
/usr/include/bits/types.h:138: error: storage class specified for parameter ‘__ino64_t’
/usr/include/bits/types.h:139: error: storage class specified for parameter ‘__mode_t’
/usr/include/bits/types.h:140: error: storage class specified for parameter ‘__nlink_t’
/usr/include/bits/types.h:141: error: storage class specified for parameter ‘__off_t’
/usr/include/bits/types.h:142: error: storage class specified for parameter ‘__off64_t’
/usr/include/bits/types.h:143: error: storage class specified for parameter ‘__pid_t’
/usr/include/bits/types.h:144: error: storage class specified for parameter ‘__fsid_t’
/usr/include/bits/types.h:145: error: storage class specified for parameter ‘__clock_t’
/usr/include/bits/types.h:146: error: storage class specified for parameter ‘__rlim_t’
/usr/include/bits/types.h:147: error: storage class specified for parameter ‘__rlim64_t’
/usr/include/bits/types.h:148: error: storage class specified for parameter ‘__id_t’
/usr/include/bits/types.h:149: error: storage class specified for parameter ‘__time_t’
/usr/include/bits/types.h:150: error: storage class specified for parameter ‘__useconds_t’
/usr/include/bits/types.h:151: error: storage class specified for parameter ‘__suseconds_t’
/usr/include/bits/types.h:153: error: storage class specified for parameter ‘__daddr_t’
/usr/include/bits/types.h:154: error: storage class specified for parameter ‘__swblk_t’
/usr/include/bits/types.h:155: error: storage class specified for parameter ‘__key_t’
/usr/include/bits/types.h:158: error: storage class specified for parameter ‘__clockid_t’
/usr/include/bits/types.h:161: error: storage class specified for parameter ‘__timer_t’
/usr/include/bits/types.h:164: error: storage class specified for parameter ‘__blksize_t’
/usr/include/bits/types.h:169: error: storage class specified for parameter ‘__blkcnt_t’
/usr/include/bits/types.h:170: error: storage class specified for parameter ‘__blkcnt64_t’
/usr/include/bits/types.h:173: error: storage class specified for parameter ‘__fsblkcnt_t’
/usr/include/bits/types.h:174: error: storage class specified for parameter ‘__fsblkcnt64_t’
/usr/include/bits/types.h:177: error: storage class specified for parameter ‘__fsfilcnt_t’
/usr/include/bits/types.h:178: error: storage class specified for parameter ‘__fsfilcnt64_t’
/usr/include/bits/types.h:180: error: storage class specified for parameter ‘__ssize_t’
/usr/include/bits/types.h:184: error: expected ‘=’, ‘,’, ‘;’, ‘asm’ or ‘__attribute__’ before ‘__loff_t’
/usr/include/bits/types.h:185: error: expected ‘=’, ‘,’, ‘;’, ‘asm’ or ‘__attribute__’ before ‘*’ token
/usr/include/bits/types.h:186: error: storage class specified for parameter ‘__caddr_t’
/usr/include/bits/types.h:189: error: storage class specified for parameter ‘__intptr_t’
/usr/include/bits/types.h:192: error: storage class specified for parameter ‘__socklen_t’
In file included from src/levelGenerator.c:6:
/usr/include/stdio.h:49: error: storage class specified for parameter ‘FILE’
/usr/include/stdio.h:65: error: storage class specified for parameter ‘__FILE’
In file included from /usr/include/_G_config.h:20,
                 from /usr/include/libio.h:32,
                 from /usr/include/stdio.h:75,
                 from src/levelGenerator.c:6:
/usr/include/wchar.h:95: error: storage class specified for parameter ‘__mbstate_t’
In file included from /usr/include/libio.h:32,
                 from /usr/include/stdio.h:75,
                 from src/levelGenerator.c:6:
/usr/include/_G_config.h:24: error: expected specifier-qualifier-list before ‘__off_t’
/usr/include/_G_config.h:26: error: storage class specified for parameter ‘_G_fpos_t’
/usr/include/_G_config.h:29: error: expected specifier-qualifier-list before ‘__off64_t’
/usr/include/_G_config.h:31: error: storage class specified for parameter ‘_G_fpos64_t’
/usr/include/_G_config.h:53: error: storage class specified for parameter ‘_G_int16_t’
/usr/include/_G_config.h:54: error: storage class specified for parameter ‘_G_int32_t’
/usr/include/_G_config.h:55: error: storage class specified for parameter ‘_G_uint16_t’
/usr/include/_G_config.h:56: error: storage class specified for parameter ‘_G_uint32_t’
In file included from /usr/include/libio.h:53,
                 from /usr/include/stdio.h:75,
                 from src/levelGenerator.c:6:
/usr/lib/gcc/x86_64-redhat-linux/4.4.7/include/stdarg.h:40: error: storage class specified for parameter ‘__gnuc_va_list’
In file included from /usr/include/stdio.h:75,
                 from src/levelGenerator.c:6:
/usr/include/libio.h:180: error: storage class specified for parameter ‘_IO_lock_t’
/usr/include/libio.h:300: error: expected specifier-qualifier-list before ‘__off_t’
/usr/include/libio.h:341: error: storage class specified for parameter ‘_IO_FILE’
/usr/include/libio.h:346: error: storage class specified for parameter ‘_IO_2_1_stdin_’
/usr/include/libio.h:347: error: storage class specified for parameter ‘_IO_2_1_stdout_’
/usr/include/libio.h:348: error: storage class specified for parameter ‘_IO_2_1_stderr_’
/usr/include/libio.h:364: error: expected ‘=’, ‘,’, ‘;’, ‘asm’ or ‘__attribute__’ before ‘__io_read_fn’
/usr/include/libio.h:372: error: expected ‘=’, ‘,’, ‘;’, ‘asm’ or ‘__attribute__’ before ‘__io_write_fn’
/usr/include/libio.h:381: error: expected declaration specifiers or ‘...’ before ‘__off64_t’
/usr/include/libio.h:381: error: storage class specified for parameter ‘__io_seek_fn’
/usr/include/libio.h:384: error: storage class specified for parameter ‘__io_close_fn’
/usr/include/libio.h:416: error: expected ‘)’ before ‘*’ token
/usr/include/libio.h:417: error: expected ‘)’ before ‘*’ token
/usr/include/libio.h:418: error: expected ‘)’ before ‘*’ token
/usr/include/libio.h:460: error: expected ‘)’ before ‘*’ token
/usr/include/libio.h:461: error: expected declaration specifiers or ‘...’ before ‘_IO_FILE’
/usr/include/libio.h:461: error: storage class specified for parameter ‘_IO_putc’
/usr/include/libio.h:462: error: expected ‘)’ before ‘*’ token
/usr/include/libio.h:463: error: expected ‘)’ before ‘*’ token
/usr/include/libio.h:465: error: expected ‘)’ before ‘*’ token
/usr/include/libio.h:471: error: expected ‘)’ before ‘*’ token
/usr/include/libio.h:472: error: expected ‘)’ before ‘*’ token
/usr/include/libio.h:473: error: expected ‘)’ before ‘*’ token
/usr/include/libio.h:490: error: expected ‘)’ before ‘*’ token
/usr/include/libio.h:492: error: expected ‘)’ before ‘*’ token
/usr/include/libio.h:494: error: expected ‘=’, ‘,’, ‘;’, ‘asm’ or ‘__attribute__’ before ‘_IO_padn’
/usr/include/libio.h:495: error: expected ‘=’, ‘,’, ‘;’, ‘asm’ or ‘__attribute__’ before ‘_IO_sgetn’
/usr/include/libio.h:497: error: expected ‘=’, ‘,’, ‘;’, ‘asm’ or ‘__attribute__’ before ‘_IO_seekoff’
/usr/include/libio.h:498: error: expected ‘=’, ‘,’, ‘;’, ‘asm’ or ‘__attribute__’ before ‘_IO_seekpos’
/usr/include/libio.h:500: error: expected ‘)’ before ‘*’ token
In file included from src/levelGenerator.c:6:
/usr/include/stdio.h:80: error: expected ‘=’, ‘,’, ‘;’, ‘asm’ or ‘__attribute__’ before ‘va_list’
/usr/include/stdio.h:91: error: expected ‘=’, ‘,’, ‘;’, ‘asm’ or ‘__attribute__’ before ‘off_t’
/usr/include/stdio.h:103: error: expected ‘=’, ‘,’, ‘;’, ‘asm’ or ‘__attribute__’ before ‘ssize_t’
/usr/include/stdio.h:111: error: expected ‘=’, ‘,’, ‘;’, ‘asm’ or ‘__attribute__’ before ‘fpos_t’
In file included from src/levelGenerator.c:6:
/usr/include/stdio.h:165: error: storage class specified for parameter ‘stdin’
/usr/include/stdio.h:166: error: storage class specified for parameter ‘stdout’
/usr/include/stdio.h:167: error: storage class specified for parameter ‘stderr’
/usr/include/stdio.h:177: error: storage class specified for parameter ‘remove’
/usr/include/stdio.h:179: error: storage class specified for parameter ‘rename’
/usr/include/stdio.h:185: error: storage class specified for parameter ‘renameat’
/usr/include/stdio.h:194: error: expected ‘=’, ‘,’, ‘;’, ‘asm’ or ‘__attribute__’ before ‘*’ token
/usr/include/stdio.h:208: error: storage class specified for parameter ‘tmpnam’
/usr/include/stdio.h:214: error: storage class specified for parameter ‘tmpnam_r’
/usr/include/stdio.h:227: error: storage class specified for parameter ‘tempnam’
/usr/include/stdio.h:236: error: expected ‘)’ before ‘*’ token
/usr/include/stdio.h:241: error: expected ‘)’ before ‘*’ token
/usr/include/stdio.h:251: error: expected ‘)’ before ‘*’ token
/usr/include/stdio.h:271: error: expected ‘=’, ‘,’, ‘;’, ‘asm’ or ‘__attribute__’ before ‘*’ token
/usr/include/stdio.h:277: error: expected ‘=’, ‘,’, ‘;’, ‘asm’ or ‘__attribute__’ before ‘*’ token
/usr/include/stdio.h:305: error: expected ‘=’, ‘,’, ‘;’, ‘asm’ or ‘__attribute__’ before ‘*’ token
/usr/include/stdio.h:318: error: expected ‘=’, ‘,’, ‘;’, ‘asm’ or ‘__attribute__’ before ‘*’ token
/usr/include/stdio.h:324: error: expected ‘=’, ‘,’, ‘;’, ‘asm’ or ‘__attribute__’ before ‘*’ token
/usr/include/stdio.h:331: error: expected ‘)’ before ‘*’ token
/usr/include/stdio.h:335: error: expected ‘)’ before ‘*’ token
/usr/include/stdio.h:342: error: expected ‘)’ before ‘*’ token
/usr/include/stdio.h:346: error: expected ‘)’ before ‘*’ token
/usr/include/stdio.h:355: error: expected ‘)’ before ‘*’ token
/usr/include/stdio.h:361: error: storage class specified for parameter ‘printf’
/usr/include/stdio.h:364: error: storage class specified for parameter ‘sprintf’
/usr/include/stdio.h:370: error: expected ‘)’ before ‘*’ token
/usr/include/stdio.h:376: error: expected declaration specifiers or ‘...’ before ‘__gnuc_va_list’
/usr/include/stdio.h:376: error: storage class specified for parameter ‘vprintf’
/usr/include/stdio.h:379: error: expected declaration specifiers or ‘...’ before ‘__gnuc_va_list’
/usr/include/stdio.h:379: error: storage class specified for parameter ‘vsprintf’
/usr/include/stdio.h:385: error: expected declaration specifiers or ‘...’ before ‘size_t’
/usr/include/stdio.h:387: error: storage class specified for parameter ‘snprintf’
/usr/include/stdio.h:387: error: format string argument not a string type
/usr/include/stdio.h:389: error: expected declaration specifiers or ‘...’ before ‘size_t’
/usr/include/stdio.h:390: error: expected declaration specifiers or ‘...’ before ‘__gnuc_va_list’
/usr/include/stdio.h:391: error: storage class specified for parameter ‘vsnprintf’
/usr/include/stdio.h:391: error: format string argument not a string type
/usr/include/stdio.h:417: error: expected declaration specifiers or ‘...’ before ‘__gnuc_va_list’
/usr/include/stdio.h:418: error: storage class specified for parameter ‘vdprintf’
/usr/include/stdio.h:420: error: storage class specified for parameter ‘dprintf’
/usr/include/stdio.h:429: error: expected ‘)’ before ‘*’ token
/usr/include/stdio.h:435: error: storage class specified for parameter ‘scanf’
/usr/include/stdio.h:438: error: storage class specified for parameter ‘sscanf’
/usr/include/stdio.h:447: error: expected ‘)’ before ‘*’ token
/usr/include/stdio.h:450: error: storage class specified for parameter ‘scanf’
/usr/include/stdio.h:450: error: redefinition of parameter ‘scanf’
/usr/include/stdio.h:435: note: previous definition of ‘scanf’ was here
/usr/include/stdio.h:452: error: storage class specified for parameter ‘sscanf’
/usr/include/stdio.h:452: error: redefinition of parameter ‘sscanf’
/usr/include/stdio.h:437: note: previous definition of ‘sscanf’ was here
/usr/include/stdio.h:475: error: expected ‘)’ before ‘*’ token
/usr/include/stdio.h:483: error: expected declaration specifiers or ‘...’ before ‘__gnuc_va_list’
/usr/include/stdio.h:484: error: storage class specified for parameter ‘vscanf’
/usr/include/stdio.h:488: error: expected declaration specifiers or ‘...’ before ‘__gnuc_va_list’
/usr/include/stdio.h:489: error: storage class specified for parameter ‘vsscanf’
/usr/include/stdio.h:498: error: expected ‘)’ before ‘*’ token
/usr/include/stdio.h:503: error: expected declaration specifiers or ‘...’ before ‘__gnuc_va_list’
/usr/include/stdio.h:505: error: storage class specified for parameter ‘vscanf’
/usr/include/stdio.h:503: error: redefinition of parameter ‘vscanf’
/usr/include/stdio.h:483: note: previous definition of ‘vscanf’ was here
/usr/include/stdio.h:506: error: expected declaration specifiers or ‘...’ before ‘__gnuc_va_list’
/usr/include/stdio.h:510: error: storage class specified for parameter ‘vsscanf’
/usr/include/stdio.h:506: error: redefinition of parameter ‘vsscanf’
/usr/include/stdio.h:487: note: previous definition of ‘vsscanf’ was here
/usr/include/stdio.h:535: error: expected ‘)’ before ‘*’ token
/usr/include/stdio.h:536: error: expected ‘)’ before ‘*’ token
/usr/include/stdio.h:542: error: storage class specified for parameter ‘getchar’
/usr/include/stdio.h:554: error: expected ‘)’ before ‘*’ token
/usr/include/stdio.h:555: error: storage class specified for parameter ‘getchar_unlocked’
/usr/include/stdio.h:565: error: expected ‘)’ before ‘*’ token
/usr/include/stdio.h:577: error: expected declaration specifiers or ‘...’ before ‘FILE’
/usr/include/stdio.h:577: error: storage class specified for parameter ‘fputc’
/usr/include/stdio.h:578: error: expected declaration specifiers or ‘...’ before ‘FILE’
/usr/include/stdio.h:578: error: storage class specified for parameter ‘putc’
/usr/include/stdio.h:584: error: storage class specified for parameter ‘putchar’
/usr/include/stdio.h:598: error: expected declaration specifiers or ‘...’ before ‘FILE’
/usr/include/stdio.h:598: error: storage class specified for parameter ‘fputc_unlocked’
/usr/include/stdio.h:606: error: expected declaration specifiers or ‘...’ before ‘FILE’
/usr/include/stdio.h:606: error: storage class specified for parameter ‘putc_unlocked’
/usr/include/stdio.h:607: error: storage class specified for parameter ‘putchar_unlocked’
/usr/include/stdio.h:614: error: expected ‘)’ before ‘*’ token
/usr/include/stdio.h:617: error: expected declaration specifiers or ‘...’ before ‘FILE’
/usr/include/stdio.h:617: error: storage class specified for parameter ‘putw’
/usr/include/stdio.h:626: error: expected declaration specifiers or ‘...’ before ‘FILE’
/usr/include/stdio.h:627: error: storage class specified for parameter ‘fgets’
/usr/include/stdio.h:634: error: storage class specified for parameter ‘gets’
/usr/include/stdio.h:660: error: expected ‘=’, ‘,’, ‘;’, ‘asm’ or ‘__attribute__’ before ‘__getdelim’
/usr/include/stdio.h:663: error: expected ‘=’, ‘,’, ‘;’, ‘asm’ or ‘__attribute__’ before ‘getdelim’
/usr/include/stdio.h:673: error: expected ‘=’, ‘,’, ‘;’, ‘asm’ or ‘__attribute__’ before ‘getline’
/usr/include/stdio.h:684: error: expected declaration specifiers or ‘...’ before ‘FILE’
/usr/include/stdio.h:684: error: storage class specified for parameter ‘fputs’
/usr/include/stdio.h:690: error: storage class specified for parameter ‘puts’
/usr/include/stdio.h:697: error: expected declaration specifiers or ‘...’ before ‘FILE’
/usr/include/stdio.h:697: error: storage class specified for parameter ‘ungetc’
/usr/include/stdio.h:704: error: expected ‘=’, ‘,’, ‘;’, ‘asm’ or ‘__attribute__’ before ‘fread’
/usr/include/stdio.h:710: error: expected ‘=’, ‘,’, ‘;’, ‘asm’ or ‘__attribute__’ before ‘fwrite’
/usr/include/stdio.h:732: error: expected ‘=’, ‘,’, ‘;’, ‘asm’ or ‘__attribute__’ before ‘fread_unlocked’
/usr/include/stdio.h:734: error: expected ‘=’, ‘,’, ‘;’, ‘asm’ or ‘__attribute__’ before ‘fwrite_unlocked’
/usr/include/stdio.h:744: error: expected ‘)’ before ‘*’ token
/usr/include/stdio.h:749: error: expected ‘)’ before ‘*’ token
/usr/include/stdio.h:754: error: expected ‘)’ before ‘*’ token
/usr/include/stdio.h:768: error: expected ‘)’ before ‘*’ token
/usr/include/stdio.h:773: error: expected ‘=’, ‘,’, ‘;’, ‘asm’ or ‘__attribute__’ before ‘ftello’
/usr/include/stdio.h:793: error: expected ‘)’ before ‘*’ token
/usr/include/stdio.h:798: error: expected ‘)’ before ‘*’ token
/usr/include/stdio.h:821: error: expected ‘)’ before ‘*’ token
/usr/include/stdio.h:823: error: expected ‘)’ before ‘*’ token
/usr/include/stdio.h:825: error: expected ‘)’ before ‘*’ token
/usr/include/stdio.h:830: error: expected ‘)’ before ‘*’ token
/usr/include/stdio.h:831: error: expected ‘)’ before ‘*’ token
/usr/include/stdio.h:832: error: expected ‘)’ before ‘*’ token
/usr/include/stdio.h:841: error: storage class specified for parameter ‘perror’
In file included from /usr/include/stdio.h:848,
                 from src/levelGenerator.c:6:
/usr/include/bits/sys_errlist.h:27: error: storage class specified for parameter ‘sys_nerr’
/usr/include/bits/sys_errlist.h:28: error: storage class specified for parameter ‘sys_errlist’
In file included from src/levelGenerator.c:6:
/usr/include/stdio.h:853: error: expected ‘)’ before ‘*’ token
/usr/include/stdio.h:858: error: expected ‘)’ before ‘*’ token
/usr/include/stdio.h:868: error: expected ‘=’, ‘,’, ‘;’, ‘asm’ or ‘__attribute__’ before ‘*’ token
/usr/include/stdio.h:874: error: expected ‘)’ before ‘*’ token
/usr/include/stdio.h:880: error: storage class specified for parameter ‘ctermid’
/usr/include/stdio.h:908: error: expected ‘)’ before ‘*’ token
/usr/include/stdio.h:912: error: expected ‘)’ before ‘*’ token
/usr/include/stdio.h:915: error: expected ‘)’ before ‘*’ token
In file included from /usr/include/stdlib.h:33,
                 from src/levelGenerator.c:7:
/usr/lib/gcc/x86_64-redhat-linux/4.4.7/include/stddef.h:323: error: storage class specified for parameter ‘wchar_t’
In file included from src/levelGenerator.c:7:
/usr/include/stdlib.h:72: error: storage class specified for parameter ‘__WAIT_STATUS’
/usr/include/stdlib.h:102: error: storage class specified for parameter ‘div_t’
/usr/include/stdlib.h:110: error: storage class specified for parameter ‘ldiv_t’
/usr/include/stdlib.h:118: error: expected declaration specifiers before ‘__extension__’
/usr/include/stdlib.h:122: error: expected declaration specifiers before ‘lldiv_t’
/usr/include/stdlib.h:140: error: expected ‘=’, ‘,’, ‘;’, ‘asm’ or ‘__attribute__’ before ‘__ctype_get_mb_cur_max’
/usr/include/stdlib.h:146: error: storage class specified for parameter ‘atof’
/usr/include/stdlib.h:149: error: storage class specified for parameter ‘atoi’
/usr/include/stdlib.h:152: error: storage class specified for parameter ‘atol’
/usr/include/stdlib.h:158: error: expected declaration specifiers before ‘__extension__’
/usr/include/stdlib.h:167: error: storage class specified for parameter ‘strtod’
/usr/include/stdlib.h:174: error: storage class specified for parameter ‘strtof’
/usr/include/stdlib.h:178: error: storage class specified for parameter ‘strtold’
/usr/include/stdlib.h:186: error: storage class specified for parameter ‘strtol’
/usr/include/stdlib.h:190: error: storage class specified for parameter ‘strtoul’
/usr/include/stdlib.h:195: error: expected declaration specifiers before ‘__extension__’
/usr/include/stdlib.h:200: error: expected declaration specifiers before ‘__extension__’
/usr/include/stdlib.h:209: error: expected declaration specifiers before ‘__extension__’
/usr/include/stdlib.h:214: error: expected declaration specifiers before ‘__extension__’
/usr/include/stdlib.h:311: error: storage class specified for parameter ‘l64a’
/usr/include/stdlib.h:315: error: storage class specified for parameter ‘a64l’
In file included from /usr/include/stdlib.h:320,
                 from src/levelGenerator.c:7:
/usr/include/sys/types.h:34: error: expected ‘=’, ‘,’, ‘;’, ‘asm’ or ‘__attribute__’ before ‘u_char’
/usr/include/sys/types.h:35: error: expected ‘=’, ‘,’, ‘;’, ‘asm’ or ‘__attribute__’ before ‘u_short’
/usr/include/sys/types.h:36: error: expected ‘=’, ‘,’, ‘;’, ‘asm’ or ‘__attribute__’ before ‘u_int’
/usr/include/sys/types.h:37: error: expected ‘=’, ‘,’, ‘;’, ‘asm’ or ‘__attribute__’ before ‘u_long’
/usr/include/sys/types.h:38: error: expected ‘=’, ‘,’, ‘;’, ‘asm’ or ‘__attribute__’ before ‘quad_t’
/usr/include/sys/types.h:39: error: expected ‘=’, ‘,’, ‘;’, ‘asm’ or ‘__attribute__’ before ‘u_quad_t’
/usr/include/sys/types.h:40: error: expected ‘=’, ‘,’, ‘;’, ‘asm’ or ‘__attribute__’ before ‘fsid_t’
/usr/include/sys/types.h:45: error: expected ‘=’, ‘,’, ‘;’, ‘asm’ or ‘__attribute__’ before ‘loff_t’
/usr/include/sys/types.h:49: error: expected ‘=’, ‘,’, ‘;’, ‘asm’ or ‘__attribute__’ before ‘ino_t’
/usr/include/sys/types.h:61: error: expected ‘=’, ‘,’, ‘;’, ‘asm’ or ‘__attribute__’ before ‘dev_t’
/usr/include/sys/types.h:66: error: expected ‘=’, ‘,’, ‘;’, ‘asm’ or ‘__attribute__’ before ‘gid_t’
/usr/include/sys/types.h:71: error: expected ‘=’, ‘,’, ‘;’, ‘asm’ or ‘__attribute__’ before ‘mode_t’
/usr/include/sys/types.h:76: error: expected ‘=’, ‘,’, ‘;’, ‘asm’ or ‘__attribute__’ before ‘nlink_t’
/usr/include/sys/types.h:81: error: expected ‘=’, ‘,’, ‘;’, ‘asm’ or ‘__attribute__’ before ‘uid_t’
/usr/include/sys/types.h:99: error: expected ‘=’, ‘,’, ‘;’, ‘asm’ or ‘__attribute__’ before ‘pid_t’
/usr/include/sys/types.h:105: error: expected ‘=’, ‘,’, ‘;’, ‘asm’ or ‘__attribute__’ before ‘id_t’
/usr/include/sys/types.h:116: error: expected ‘=’, ‘,’, ‘;’, ‘asm’ or ‘__attribute__’ before ‘daddr_t’
/usr/include/sys/types.h:117: error: expected ‘=’, ‘,’, ‘;’, ‘asm’ or ‘__attribute__’ before ‘caddr_t’
/usr/include/sys/types.h:123: error: expected ‘=’, ‘,’, ‘;’, ‘asm’ or ‘__attribute__’ before ‘key_t’
In file included from /usr/include/sys/types.h:133,
                 from /usr/include/stdlib.h:320,
                 from src/levelGenerator.c:7:
/usr/include/time.h:60: error: expected ‘=’, ‘,’, ‘;’, ‘asm’ or ‘__attribute__’ before ‘clock_t’
/usr/include/time.h:76: error: expected ‘=’, ‘,’, ‘;’, ‘asm’ or ‘__attribute__’ before ‘time_t’
/usr/include/time.h:92: error: expected ‘=’, ‘,’, ‘;’, ‘asm’ or ‘__attribute__’ before ‘clockid_t’
/usr/include/time.h:104: error: expected ‘=’, ‘,’, ‘;’, ‘asm’ or ‘__attribute__’ before ‘timer_t’
In file included from /usr/include/stdlib.h:320,
                 from src/levelGenerator.c:7:
/usr/include/sys/types.h:151: error: storage class specified for parameter ‘ulong’
/usr/include/sys/types.h:152: error: storage class specified for parameter ‘ushort’
/usr/include/sys/types.h:153: error: storage class specified for parameter ‘uint’
/usr/include/sys/types.h:195: error: storage class specified for parameter ‘int8_t’
/usr/include/sys/types.h:196: error: storage class specified for parameter ‘int16_t’
/usr/include/sys/types.h:197: error: storage class specified for parameter ‘int32_t’
/usr/include/sys/types.h:198: error: storage class specified for parameter ‘int64_t’
/usr/include/sys/types.h:201: error: storage class specified for parameter ‘u_int8_t’
/usr/include/sys/types.h:202: error: storage class specified for parameter ‘u_int16_t’
/usr/include/sys/types.h:203: error: storage class specified for parameter ‘u_int32_t’
/usr/include/sys/types.h:204: error: storage class specified for parameter ‘u_int64_t’
/usr/include/sys/types.h:206: error: storage class specified for parameter ‘register_t’
In file included from /usr/include/sys/select.h:34,
                 from /usr/include/sys/types.h:220,
                 from /usr/include/stdlib.h:320,
                 from src/levelGenerator.c:7:
/usr/include/bits/sigset.h:24: error: storage class specified for parameter ‘__sig_atomic_t’
/usr/include/bits/sigset.h:32: error: storage class specified for parameter ‘__sigset_t’
In file included from /usr/include/sys/types.h:220,
                 from /usr/include/stdlib.h:320,
                 from src/levelGenerator.c:7:
/usr/include/sys/select.h:38: error: expected ‘=’, ‘,’, ‘;’, ‘asm’ or ‘__attribute__’ before ‘sigset_t’
In file included from /usr/include/sys/select.h:44,
                 from /usr/include/sys/types.h:220,
                 from /usr/include/stdlib.h:320,
                 from src/levelGenerator.c:7:
/usr/include/time.h:122: error: expected specifier-qualifier-list before ‘__time_t’
In file included from /usr/include/sys/select.h:46,
                 from /usr/include/sys/types.h:220,
                 from /usr/include/stdlib.h:320,
                 from src/levelGenerator.c:7:
/usr/include/bits/time.h:77: error: expected specifier-qualifier-list before ‘__time_t’
In file included from /usr/include/sys/types.h:220,
                 from /usr/include/stdlib.h:320,
                 from src/levelGenerator.c:7:
/usr/include/sys/select.h:49: error: expected ‘=’, ‘,’, ‘;’, ‘asm’ or ‘__attribute__’ before ‘suseconds_t’
/usr/include/sys/select.h:55: error: storage class specified for parameter ‘__fd_mask’
/usr/include/sys/select.h:75: error: expected specifier-qualifier-list before ‘__fd_mask’
/usr/include/sys/select.h:78: error: storage class specified for parameter ‘fd_set’
/usr/include/sys/select.h:85: error: expected ‘=’, ‘,’, ‘;’, ‘asm’ or ‘__attribute__’ before ‘fd_mask’
/usr/include/sys/select.h:109: error: expected declaration specifiers or ‘...’ before ‘fd_set’
/usr/include/sys/select.h:110: error: expected declaration specifiers or ‘...’ before ‘fd_set’
/usr/include/sys/select.h:111: error: expected declaration specifiers or ‘...’ before ‘fd_set’
/usr/include/sys/select.h:112: error: storage class specified for parameter ‘select’
/usr/include/sys/select.h:121: error: expected declaration specifiers or ‘...’ before ‘fd_set’
/usr/include/sys/select.h:122: error: expected declaration specifiers or ‘...’ before ‘fd_set’
/usr/include/sys/select.h:123: error: expected declaration specifiers or ‘...’ before ‘fd_set’
/usr/include/sys/select.h:125: error: expected ‘;’, ‘,’ or ‘)’ before ‘*’ token
In file included from /usr/include/sys/types.h:223,
                 from /usr/include/stdlib.h:320,
                 from src/levelGenerator.c:7:
/usr/include/sys/sysmacros.h:30: error: expected declaration specifiers before ‘__extension__’
/usr/include/sys/sysmacros.h:33: error: expected declaration specifiers before ‘__extension__’
/usr/include/sys/sysmacros.h:36: error: expected declaration specifiers before ‘__extension__’
In file included from /usr/include/stdlib.h:320,
                 from src/levelGenerator.c:7:
/usr/include/sys/types.h:229: error: expected ‘=’, ‘,’, ‘;’, ‘asm’ or ‘__attribute__’ before ‘blksize_t’
/usr/include/sys/types.h:236: error: expected ‘=’, ‘,’, ‘;’, ‘asm’ or ‘__attribute__’ before ‘blkcnt_t’
/usr/include/sys/types.h:240: error: expected ‘=’, ‘,’, ‘;’, ‘asm’ or ‘__attribute__’ before ‘fsblkcnt_t’
/usr/include/sys/types.h:244: error: expected ‘=’, ‘,’, ‘;’, ‘asm’ or ‘__attribute__’ before ‘fsfilcnt_t’
In file included from /usr/include/sys/types.h:271,
                 from /usr/include/stdlib.h:320,
                 from src/levelGenerator.c:7:
/usr/include/bits/pthreadtypes.h:50: error: storage class specified for parameter ‘pthread_t’
/usr/include/bits/pthreadtypes.h:57: error: storage class specified for parameter ‘pthread_attr_t’
/usr/include/bits/pthreadtypes.h:65: error: storage class specified for parameter ‘__pthread_list_t’
/usr/include/bits/pthreadtypes.h:91: error: expected specifier-qualifier-list before ‘__pthread_list_t’
/usr/include/bits/pthreadtypes.h:104: error: storage class specified for parameter ‘pthread_mutex_t’
/usr/include/bits/pthreadtypes.h:110: error: storage class specified for parameter ‘pthread_mutexattr_t’
/usr/include/bits/pthreadtypes.h:130: error: storage class specified for parameter ‘pthread_cond_t’
/usr/include/bits/pthreadtypes.h:136: error: storage class specified for parameter ‘pthread_condattr_t’
/usr/include/bits/pthreadtypes.h:140: error: storage class specified for parameter ‘pthread_key_t’
/usr/include/bits/pthreadtypes.h:144: error: storage class specified for parameter ‘pthread_once_t’
/usr/include/bits/pthreadtypes.h:189: error: storage class specified for parameter ‘pthread_rwlock_t’
/usr/include/bits/pthreadtypes.h:195: error: storage class specified for parameter ‘pthread_rwlockattr_t’
/usr/include/bits/pthreadtypes.h:201: error: storage class specified for parameter ‘pthread_spinlock_t’
/usr/include/bits/pthreadtypes.h:210: error: storage class specified for parameter ‘pthread_barrier_t’
/usr/include/bits/pthreadtypes.h:216: error: storage class specified for parameter ‘pthread_barrierattr_t’
In file included from src/levelGenerator.c:7:
/usr/include/stdlib.h:327: error: storage class specified for parameter ‘random’
/usr/include/stdlib.h:330: error: storage class specified for parameter ‘srandom’
/usr/include/stdlib.h:337: error: expected declaration specifiers or ‘...’ before ‘size_t’
/usr/include/stdlib.h:337: error: storage class specified for parameter ‘initstate’
/usr/include/stdlib.h:341: error: storage class specified for parameter ‘setstate’
/usr/include/stdlib.h:351: error: expected specifier-qualifier-list before ‘int32_t’
/usr/include/stdlib.h:361: error: expected declaration specifiers or ‘...’ before ‘int32_t’
/usr/include/stdlib.h:361: error: storage class specified for parameter ‘random_r’
/usr/include/stdlib.h:361: error: nonnull argument with out-of-range operand number (argument 1, operand 2)
/usr/include/stdlib.h:364: error: storage class specified for parameter ‘srandom_r’
/usr/include/stdlib.h:367: error: expected declaration specifiers or ‘...’ before ‘size_t’
/usr/include/stdlib.h:369: error: storage class specified for parameter ‘initstate_r’
/usr/include/stdlib.h:369: error: nonnull argument with out-of-range operand number (argument 1, operand 4)
/usr/include/stdlib.h:373: error: storage class specified for parameter ‘setstate_r’
/usr/include/stdlib.h:380: error: storage class specified for parameter ‘rand’
/usr/include/stdlib.h:382: error: storage class specified for parameter ‘srand’
/usr/include/stdlib.h:387: error: storage class specified for parameter ‘rand_r’
/usr/include/stdlib.h:395: error: storage class specified for parameter ‘drand48’
/usr/include/stdlib.h:396: error: storage class specified for parameter ‘erand48’
/usr/include/stdlib.h:399: error: storage class specified for parameter ‘lrand48’
/usr/include/stdlib.h:401: error: storage class specified for parameter ‘nrand48’
/usr/include/stdlib.h:404: error: storage class specified for parameter ‘mrand48’
/usr/include/stdlib.h:406: error: storage class specified for parameter ‘jrand48’
/usr/include/stdlib.h:409: error: storage class specified for parameter ‘srand48’
/usr/include/stdlib.h:411: error: storage class specified for parameter ‘seed48’
/usr/include/stdlib.h:412: error: storage class specified for parameter ‘lcong48’
/usr/include/stdlib.h:429: error: storage class specified for parameter ‘drand48_r’
/usr/include/stdlib.h:432: error: storage class specified for parameter ‘erand48_r’
/usr/include/stdlib.h:437: error: storage class specified for parameter ‘lrand48_r’
/usr/include/stdlib.h:441: error: storage class specified for parameter ‘nrand48_r’
/usr/include/stdlib.h:446: error: storage class specified for parameter ‘mrand48_r’
/usr/include/stdlib.h:450: error: storage class specified for parameter ‘jrand48_r’
/usr/include/stdlib.h:454: error: storage class specified for parameter ‘srand48_r’
/usr/include/stdlib.h:457: error: storage class specified for parameter ‘seed48_r’
/usr/include/stdlib.h:461: error: storage class specified for parameter ‘lcong48_r’
/usr/include/stdlib.h:471: error: expected ‘)’ before ‘__size’
/usr/include/stdlib.h:473: error: expected ‘)’ before ‘__nmemb’
/usr/include/stdlib.h:485: error: expected declaration specifiers or ‘...’ before ‘size_t’
/usr/include/stdlib.h:486: error: storage class specified for parameter ‘realloc’
/usr/include/stdlib.h:488: error: storage class specified for parameter ‘free’
/usr/include/stdlib.h:493: error: storage class specified for parameter ‘cfree’
In file included from /usr/include/stdlib.h:497,
                 from src/levelGenerator.c:7:
/usr/include/alloca.h:33: error: expected ‘)’ before ‘__size’
In file included from src/levelGenerator.c:7:
/usr/include/stdlib.h:503: error: expected ‘)’ before ‘__size’
/usr/include/stdlib.h:508: error: expected declaration specifiers or ‘...’ before ‘size_t’
/usr/include/stdlib.h:508: error: expected declaration specifiers or ‘...’ before ‘size_t’
/usr/include/stdlib.h:509: error: storage class specified for parameter ‘posix_memalign’
/usr/include/stdlib.h:514: error: storage class specified for parameter ‘abort’
/usr/include/stdlib.h:518: error: storage class specified for parameter ‘atexit’
/usr/include/stdlib.h:537: error: storage class specified for parameter ‘on_exit’
/usr/include/stdlib.h:544: error: storage class specified for parameter ‘exit’
/usr/include/stdlib.h:560: error: storage class specified for parameter ‘_Exit’
/usr/include/stdlib.h:567: error: storage class specified for parameter ‘getenv’
/usr/include/stdlib.h:573: error: storage class specified for parameter ‘__secure_getenv’
/usr/include/stdlib.h:579: error: storage class specified for parameter ‘putenv’
/usr/include/stdlib.h:586: error: storage class specified for parameter ‘setenv’
/usr/include/stdlib.h:589: error: storage class specified for parameter ‘unsetenv’
/usr/include/stdlib.h:596: error: storage class specified for parameter ‘clearenv’
/usr/include/stdlib.h:606: error: storage class specified for parameter ‘mktemp’
/usr/include/stdlib.h:620: error: storage class specified for parameter ‘mkstemp’
/usr/include/stdlib.h:642: error: storage class specified for parameter ‘mkstemps’
/usr/include/stdlib.h:663: error: storage class specified for parameter ‘mkdtemp’
/usr/include/stdlib.h:717: error: storage class specified for parameter ‘system’
/usr/include/stdlib.h:735: error: storage class specified for parameter ‘realpath’
/usr/include/stdlib.h:742: error: storage class specified for parameter ‘__compar_fn_t’
/usr/include/stdlib.h:756: error: expected declaration specifiers or ‘...’ before ‘size_t’
/usr/include/stdlib.h:756: error: expected declaration specifiers or ‘...’ before ‘size_t’
/usr/include/stdlib.h:756: error: expected declaration specifiers or ‘...’ before ‘__compar_fn_t’
/usr/include/stdlib.h:757: error: storage class specified for parameter ‘bsearch’
/usr/include/stdlib.h:757: error: nonnull argument with out-of-range operand number (argument 1, operand 5)
/usr/include/stdlib.h:761: error: expected declaration specifiers or ‘...’ before ‘size_t’
/usr/include/stdlib.h:761: error: expected declaration specifiers or ‘...’ before ‘size_t’
/usr/include/stdlib.h:762: error: expected declaration specifiers or ‘...’ before ‘__compar_fn_t’
/usr/include/stdlib.h:762: error: storage class specified for parameter ‘qsort’
/usr/include/stdlib.h:762: error: nonnull argument with out-of-range operand number (argument 1, operand 4)
/usr/include/stdlib.h:771: error: storage class specified for parameter ‘abs’
/usr/include/stdlib.h:772: error: storage class specified for parameter ‘labs’
/usr/include/stdlib.h:776: error: expected declaration specifiers before ‘__extension__’
/usr/include/stdlib.h:785: error: expected ‘=’, ‘,’, ‘;’, ‘asm’ or ‘__attribute__’ before ‘div’
/usr/include/stdlib.h:787: error: expected ‘=’, ‘,’, ‘;’, ‘asm’ or ‘__attribute__’ before ‘ldiv’
/usr/include/stdlib.h:793: error: expected declaration specifiers before ‘__extension__’
/usr/include/stdlib.h:809: error: storage class specified for parameter ‘ecvt’
/usr/include/stdlib.h:815: error: storage class specified for parameter ‘fcvt’
/usr/include/stdlib.h:821: error: storage class specified for parameter ‘gcvt’
/usr/include/stdlib.h:828: error: storage class specified for parameter ‘qecvt’
/usr/include/stdlib.h:831: error: storage class specified for parameter ‘qfcvt’
/usr/include/stdlib.h:833: error: storage class specified for parameter ‘qgcvt’
/usr/include/stdlib.h:840: error: expected declaration specifiers or ‘...’ before ‘size_t’
/usr/include/stdlib.h:840: error: storage class specified for parameter ‘ecvt_r’
/usr/include/stdlib.h:843: error: expected declaration specifiers or ‘...’ before ‘size_t’
/usr/include/stdlib.h:843: error: storage class specified for parameter ‘fcvt_r’
/usr/include/stdlib.h:847: error: expected declaration specifiers or ‘...’ before ‘size_t’
/usr/include/stdlib.h:848: error: storage class specified for parameter ‘qecvt_r’
/usr/include/stdlib.h:851: error: expected declaration specifiers or ‘...’ before ‘size_t’
/usr/include/stdlib.h:852: error: storage class specified for parameter ‘qfcvt_r’
/usr/include/stdlib.h:860: error: expected declaration specifiers or ‘...’ before ‘size_t’
/usr/include/stdlib.h:860: error: storage class specified for parameter ‘mblen’
/usr/include/stdlib.h:863: error: expected ‘)’ before ‘*’ token
/usr/include/stdlib.h:867: error: expected declaration specifiers or ‘...’ before ‘wchar_t’
/usr/include/stdlib.h:867: error: storage class specified for parameter ‘wctomb’
/usr/include/stdlib.h:871: error: expected ‘=’, ‘,’, ‘;’, ‘asm’ or ‘__attribute__’ before ‘mbstowcs’
/usr/include/stdlib.h:874: error: expected ‘=’, ‘,’, ‘;’, ‘asm’ or ‘__attribute__’ before ‘wcstombs’
/usr/include/stdlib.h:885: error: storage class specified for parameter ‘rpmatch’
/usr/include/stdlib.h:899: error: storage class specified for parameter ‘getsubopt’
/usr/include/stdlib.h:949: error: storage class specified for parameter ‘getloadavg’
In file included from /usr/include/math.h:47,
                 from src/levelGenerator.c:8:
/usr/include/bits/mathdef.h:31: error: storage class specified for parameter ‘float_t’
/usr/include/bits/mathdef.h:32: error: storage class specified for parameter ‘double_t’
In file included from /usr/include/math.h:71,
                 from src/levelGenerator.c:8:
/usr/include/bits/mathcalls.h:55: error: storage class specified for parameter ‘acos’
/usr/include/bits/mathcalls.h:55: error: storage class specified for parameter ‘__acos’
/usr/include/bits/mathcalls.h:57: error: storage class specified for parameter ‘asin’
/usr/include/bits/mathcalls.h:57: error: storage class specified for parameter ‘__asin’
/usr/include/bits/mathcalls.h:59: error: storage class specified for parameter ‘atan’
/usr/include/bits/mathcalls.h:59: error: storage class specified for parameter ‘__atan’
/usr/include/bits/mathcalls.h:61: error: storage class specified for parameter ‘atan2’
/usr/include/bits/mathcalls.h:61: error: storage class specified for parameter ‘__atan2’
/usr/include/bits/mathcalls.h:64: error: storage class specified for parameter ‘cos’
/usr/include/bits/mathcalls.h:64: error: storage class specified for parameter ‘__cos’
/usr/include/bits/mathcalls.h:66: error: storage class specified for parameter ‘sin’
/usr/include/bits/mathcalls.h:66: error: storage class specified for parameter ‘__sin’
/usr/include/bits/mathcalls.h:68: error: storage class specified for parameter ‘tan’
/usr/include/bits/mathcalls.h:68: error: storage class specified for parameter ‘__tan’
/usr/include/bits/mathcalls.h:73: error: storage class specified for parameter ‘cosh’
/usr/include/bits/mathcalls.h:73: error: storage class specified for parameter ‘__cosh’
/usr/include/bits/mathcalls.h:75: error: storage class specified for parameter ‘sinh’
/usr/include/bits/mathcalls.h:75: error: storage class specified for parameter ‘__sinh’
/usr/include/bits/mathcalls.h:77: error: storage class specified for parameter ‘tanh’
/usr/include/bits/mathcalls.h:77: error: storage class specified for parameter ‘__tanh’
/usr/include/bits/mathcalls.h:89: error: storage class specified for parameter ‘acosh’
/usr/include/bits/mathcalls.h:89: error: storage class specified for parameter ‘__acosh’
/usr/include/bits/mathcalls.h:91: error: storage class specified for parameter ‘asinh’
/usr/include/bits/mathcalls.h:91: error: storage class specified for parameter ‘__asinh’
/usr/include/bits/mathcalls.h:93: error: storage class specified for parameter ‘atanh’
/usr/include/bits/mathcalls.h:93: error: storage class specified for parameter ‘__atanh’
/usr/include/bits/mathcalls.h:101: error: storage class specified for parameter ‘exp’
/usr/include/bits/mathcalls.h:101: error: storage class specified for parameter ‘__exp’
/usr/include/bits/mathcalls.h:104: error: storage class specified for parameter ‘frexp’
/usr/include/bits/mathcalls.h:104: error: storage class specified for parameter ‘__frexp’
/usr/include/bits/mathcalls.h:107: error: storage class specified for parameter ‘ldexp’
/usr/include/bits/mathcalls.h:107: error: storage class specified for parameter ‘__ldexp’
/usr/include/bits/mathcalls.h:110: error: storage class specified for parameter ‘log’
/usr/include/bits/mathcalls.h:110: error: storage class specified for parameter ‘__log’
/usr/include/bits/mathcalls.h:113: error: storage class specified for parameter ‘log10’
/usr/include/bits/mathcalls.h:113: error: storage class specified for parameter ‘__log10’
/usr/include/bits/mathcalls.h:116: error: storage class specified for parameter ‘modf’
/usr/include/bits/mathcalls.h:116: error: storage class specified for parameter ‘__modf’
/usr/include/bits/mathcalls.h:129: error: storage class specified for parameter ‘expm1’
/usr/include/bits/mathcalls.h:129: error: storage class specified for parameter ‘__expm1’
/usr/include/bits/mathcalls.h:132: error: storage class specified for parameter ‘log1p’
/usr/include/bits/mathcalls.h:132: error: storage class specified for parameter ‘__log1p’
/usr/include/bits/mathcalls.h:135: error: storage class specified for parameter ‘logb’
/usr/include/bits/mathcalls.h:135: error: storage class specified for parameter ‘__logb’
/usr/include/bits/mathcalls.h:142: error: storage class specified for parameter ‘exp2’
/usr/include/bits/mathcalls.h:142: error: storage class specified for parameter ‘__exp2’
/usr/include/bits/mathcalls.h:145: error: storage class specified for parameter ‘log2’
/usr/include/bits/mathcalls.h:145: error: storage class specified for parameter ‘__log2’
/usr/include/bits/mathcalls.h:154: error: storage class specified for parameter ‘pow’
/usr/include/bits/mathcalls.h:154: error: storage class specified for parameter ‘__pow’
/usr/include/bits/mathcalls.h:157: error: storage class specified for parameter ‘sqrt’
/usr/include/bits/mathcalls.h:157: error: storage class specified for parameter ‘__sqrt’
/usr/include/bits/mathcalls.h:163: error: storage class specified for parameter ‘hypot’
/usr/include/bits/mathcalls.h:163: error: storage class specified for parameter ‘__hypot’
/usr/include/bits/mathcalls.h:170: error: storage class specified for parameter ‘cbrt’
/usr/include/bits/mathcalls.h:170: error: storage class specified for parameter ‘__cbrt’
/usr/include/bits/mathcalls.h:179: error: storage class specified for parameter ‘ceil’
/usr/include/bits/mathcalls.h:179: error: storage class specified for parameter ‘__ceil’
/usr/include/bits/mathcalls.h:182: error: storage class specified for parameter ‘fabs’
/usr/include/bits/mathcalls.h:182: error: storage class specified for parameter ‘__fabs’
/usr/include/bits/mathcalls.h:185: error: storage class specified for parameter ‘floor’
/usr/include/bits/mathcalls.h:185: error: storage class specified for parameter ‘__floor’
/usr/include/bits/mathcalls.h:188: error: storage class specified for parameter ‘fmod’
/usr/include/bits/mathcalls.h:188: error: storage class specified for parameter ‘__fmod’
/usr/include/bits/mathcalls.h:193: error: storage class specified for parameter ‘__isinf’
/usr/include/bits/mathcalls.h:196: error: storage class specified for parameter ‘__finite’
/usr/include/bits/mathcalls.h:202: error: storage class specified for parameter ‘isinf’
/usr/include/bits/mathcalls.h:205: error: storage class specified for parameter ‘finite’
/usr/include/bits/mathcalls.h:208: error: storage class specified for parameter ‘drem’
/usr/include/bits/mathcalls.h:208: error: storage class specified for parameter ‘__drem’
/usr/include/bits/mathcalls.h:212: error: storage class specified for parameter ‘significand’
/usr/include/bits/mathcalls.h:212: error: storage class specified for parameter ‘__significand’
/usr/include/bits/mathcalls.h:218: error: storage class specified for parameter ‘copysign’
/usr/include/bits/mathcalls.h:218: error: storage class specified for parameter ‘__copysign’
/usr/include/bits/mathcalls.h:225: error: storage class specified for parameter ‘nan’
/usr/include/bits/mathcalls.h:225: error: storage class specified for parameter ‘__nan’
/usr/include/bits/mathcalls.h:231: error: storage class specified for parameter ‘__isnan’
/usr/include/bits/mathcalls.h:235: error: storage class specified for parameter ‘isnan’
/usr/include/bits/mathcalls.h:238: error: storage class specified for parameter ‘j0’
/usr/include/bits/mathcalls.h:238: error: storage class specified for parameter ‘__j0’
/usr/include/bits/mathcalls.h:239: error: storage class specified for parameter ‘j1’
/usr/include/bits/mathcalls.h:239: error: storage class specified for parameter ‘__j1’
/usr/include/bits/mathcalls.h:240: error: storage class specified for parameter ‘jn’
/usr/include/bits/mathcalls.h:240: error: storage class specified for parameter ‘__jn’
/usr/include/bits/mathcalls.h:241: error: storage class specified for parameter ‘y0’
/usr/include/bits/mathcalls.h:241: error: storage class specified for parameter ‘__y0’
/usr/include/bits/mathcalls.h:242: error: storage class specified for parameter ‘y1’
/usr/include/bits/mathcalls.h:242: error: storage class specified for parameter ‘__y1’
/usr/include/bits/mathcalls.h:243: error: storage class specified for parameter ‘yn’
/usr/include/bits/mathcalls.h:243: error: storage class specified for parameter ‘__yn’
/usr/include/bits/mathcalls.h:250: error: storage class specified for parameter ‘erf’
/usr/include/bits/mathcalls.h:250: error: storage class specified for parameter ‘__erf’
/usr/include/bits/mathcalls.h:251: error: storage class specified for parameter ‘erfc’
/usr/include/bits/mathcalls.h:251: error: storage class specified for parameter ‘__erfc’
/usr/include/bits/mathcalls.h:252: error: storage class specified for parameter ‘lgamma’
/usr/include/bits/mathcalls.h:252: error: storage class specified for parameter ‘__lgamma’
/usr/include/bits/mathcalls.h:259: error: storage class specified for parameter ‘tgamma’
/usr/include/bits/mathcalls.h:259: error: storage class specified for parameter ‘__tgamma’
/usr/include/bits/mathcalls.h:265: error: storage class specified for parameter ‘gamma’
/usr/include/bits/mathcalls.h:265: error: storage class specified for parameter ‘__gamma’
/usr/include/bits/mathcalls.h:272: error: storage class specified for parameter ‘lgamma_r’
/usr/include/bits/mathcalls.h:272: error: storage class specified for parameter ‘__lgamma_r’
/usr/include/bits/mathcalls.h:280: error: storage class specified for parameter ‘rint’
/usr/include/bits/mathcalls.h:280: error: storage class specified for parameter ‘__rint’
/usr/include/bits/mathcalls.h:283: error: storage class specified for parameter ‘nextafter’
/usr/include/bits/mathcalls.h:283: error: storage class specified for parameter ‘__nextafter’
/usr/include/bits/mathcalls.h:285: error: storage class specified for parameter ‘nexttoward’
/usr/include/bits/mathcalls.h:285: error: storage class specified for parameter ‘__nexttoward’
/usr/include/bits/mathcalls.h:289: error: storage class specified for parameter ‘remainder’
/usr/include/bits/mathcalls.h:289: error: storage class specified for parameter ‘__remainder’
/usr/include/bits/mathcalls.h:293: error: storage class specified for parameter ‘scalbn’
/usr/include/bits/mathcalls.h:293: error: storage class specified for parameter ‘__scalbn’
/usr/include/bits/mathcalls.h:297: error: storage class specified for parameter ‘ilogb’
/usr/include/bits/mathcalls.h:297: error: storage class specified for parameter ‘__ilogb’
/usr/include/bits/mathcalls.h:302: error: storage class specified for parameter ‘scalbln’
/usr/include/bits/mathcalls.h:302: error: storage class specified for parameter ‘__scalbln’
/usr/include/bits/mathcalls.h:306: error: storage class specified for parameter ‘nearbyint’
/usr/include/bits/mathcalls.h:306: error: storage class specified for parameter ‘__nearbyint’
/usr/include/bits/mathcalls.h:310: error: storage class specified for parameter ‘round’
/usr/include/bits/mathcalls.h:310: error: storage class specified for parameter ‘__round’
/usr/include/bits/mathcalls.h:314: error: storage class specified for parameter ‘trunc’
/usr/include/bits/mathcalls.h:314: error: storage class specified for parameter ‘__trunc’
/usr/include/bits/mathcalls.h:319: error: storage class specified for parameter ‘remquo’
/usr/include/bits/mathcalls.h:319: error: storage class specified for parameter ‘__remquo’
/usr/include/bits/mathcalls.h:326: error: storage class specified for parameter ‘lrint’
/usr/include/bits/mathcalls.h:326: error: storage class specified for parameter ‘__lrint’
/usr/include/bits/mathcalls.h:327: error: storage class specified for parameter ‘llrint’
/usr/include/bits/mathcalls.h:327: error: storage class specified for parameter ‘__llrint’
/usr/include/bits/mathcalls.h:331: error: storage class specified for parameter ‘lround’
/usr/include/bits/mathcalls.h:331: error: storage class specified for parameter ‘__lround’
/usr/include/bits/mathcalls.h:332: error: storage class specified for parameter ‘llround’
/usr/include/bits/mathcalls.h:332: error: storage class specified for parameter ‘__llround’
/usr/include/bits/mathcalls.h:336: error: storage class specified for parameter ‘fdim’
/usr/include/bits/mathcalls.h:336: error: storage class specified for parameter ‘__fdim’
/usr/include/bits/mathcalls.h:339: error: storage class specified for parameter ‘fmax’
/usr/include/bits/mathcalls.h:339: error: storage class specified for parameter ‘__fmax’
/usr/include/bits/mathcalls.h:342: error: storage class specified for parameter ‘fmin’
/usr/include/bits/mathcalls.h:342: error: storage class specified for parameter ‘__fmin’
/usr/include/bits/mathcalls.h:347: error: storage class specified for parameter ‘__fpclassify’
/usr/include/bits/mathcalls.h:351: error: storage class specified for parameter ‘__signbit’
/usr/include/bits/mathcalls.h:355: error: storage class specified for parameter ‘fma’
/usr/include/bits/mathcalls.h:355: error: storage class specified for parameter ‘__fma’
/usr/include/bits/mathcalls.h:364: error: storage class specified for parameter ‘scalb’
/usr/include/bits/mathcalls.h:364: error: storage class specified for parameter ‘__scalb’
In file included from /usr/include/math.h:94,
                 from src/levelGenerator.c:8:
/usr/include/bits/mathcalls.h:55: error: storage class specified for parameter ‘acosf’
/usr/include/bits/mathcalls.h:55: error: storage class specified for parameter ‘__acosf’
/usr/include/bits/mathcalls.h:57: error: storage class specified for parameter ‘asinf’
/usr/include/bits/mathcalls.h:57: error: storage class specified for parameter ‘__asinf’
/usr/include/bits/mathcalls.h:59: error: storage class specified for parameter ‘atanf’
/usr/include/bits/mathcalls.h:59: error: storage class specified for parameter ‘__atanf’
/usr/include/bits/mathcalls.h:61: error: storage class specified for parameter ‘atan2f’
/usr/include/bits/mathcalls.h:61: error: storage class specified for parameter ‘__atan2f’
/usr/include/bits/mathcalls.h:64: error: storage class specified for parameter ‘cosf’
/usr/include/bits/mathcalls.h:64: error: storage class specified for parameter ‘__cosf’
/usr/include/bits/mathcalls.h:66: error: storage class specified for parameter ‘sinf’
/usr/include/bits/mathcalls.h:66: error: storage class specified for parameter ‘__sinf’
/usr/include/bits/mathcalls.h:68: error: storage class specified for parameter ‘tanf’
/usr/include/bits/mathcalls.h:68: error: storage class specified for parameter ‘__tanf’
/usr/include/bits/mathcalls.h:73: error: storage class specified for parameter ‘coshf’
/usr/include/bits/mathcalls.h:73: error: storage class specified for parameter ‘__coshf’
/usr/include/bits/mathcalls.h:75: error: storage class specified for parameter ‘sinhf’
/usr/include/bits/mathcalls.h:75: error: storage class specified for parameter ‘__sinhf’
/usr/include/bits/mathcalls.h:77: error: storage class specified for parameter ‘tanhf’
/usr/include/bits/mathcalls.h:77: error: storage class specified for parameter ‘__tanhf’
/usr/include/bits/mathcalls.h:89: error: storage class specified for parameter ‘acoshf’
/usr/include/bits/mathcalls.h:89: error: storage class specified for parameter ‘__acoshf’
/usr/include/bits/mathcalls.h:91: error: storage class specified for parameter ‘asinhf’
/usr/include/bits/mathcalls.h:91: error: storage class specified for parameter ‘__asinhf’
/usr/include/bits/mathcalls.h:93: error: storage class specified for parameter ‘atanhf’
/usr/include/bits/mathcalls.h:93: error: storage class specified for parameter ‘__atanhf’
/usr/include/bits/mathcalls.h:101: error: storage class specified for parameter ‘expf’
/usr/include/bits/mathcalls.h:101: error: storage class specified for parameter ‘__expf’
/usr/include/bits/mathcalls.h:104: error: storage class specified for parameter ‘frexpf’
/usr/include/bits/mathcalls.h:104: error: storage class specified for parameter ‘__frexpf’
/usr/include/bits/mathcalls.h:107: error: storage class specified for parameter ‘ldexpf’
/usr/include/bits/mathcalls.h:107: error: storage class specified for parameter ‘__ldexpf’
/usr/include/bits/mathcalls.h:110: error: storage class specified for parameter ‘logf’
/usr/include/bits/mathcalls.h:110: error: storage class specified for parameter ‘__logf’
/usr/include/bits/mathcalls.h:113: error: storage class specified for parameter ‘log10f’
/usr/include/bits/mathcalls.h:113: error: storage class specified for parameter ‘__log10f’
/usr/include/bits/mathcalls.h:116: error: storage class specified for parameter ‘modff’
/usr/include/bits/mathcalls.h:116: error: storage class specified for parameter ‘__modff’
/usr/include/bits/mathcalls.h:129: error: storage class specified for parameter ‘expm1f’
/usr/include/bits/mathcalls.h:129: error: storage class specified for parameter ‘__expm1f’
/usr/include/bits/mathcalls.h:132: error: storage class specified for parameter ‘log1pf’
/usr/include/bits/mathcalls.h:132: error: storage class specified for parameter ‘__log1pf’
/usr/include/bits/mathcalls.h:135: error: storage class specified for parameter ‘logbf’
/usr/include/bits/mathcalls.h:135: error: storage class specified for parameter ‘__logbf’
/usr/include/bits/mathcalls.h:142: error: storage class specified for parameter ‘exp2f’
/usr/include/bits/mathcalls.h:142: error: storage class specified for parameter ‘__exp2f’
/usr/include/bits/mathcalls.h:145: error: storage class specified for parameter ‘log2f’
/usr/include/bits/mathcalls.h:145: error: storage class specified for parameter ‘__log2f’
/usr/include/bits/mathcalls.h:154: error: storage class specified for parameter ‘powf’
/usr/include/bits/mathcalls.h:154: error: storage class specified for parameter ‘__powf’
/usr/include/bits/mathcalls.h:157: error: storage class specified for parameter ‘sqrtf’
/usr/include/bits/mathcalls.h:157: error: storage class specified for parameter ‘__sqrtf’
/usr/include/bits/mathcalls.h:163: error: storage class specified for parameter ‘hypotf’
/usr/include/bits/mathcalls.h:163: error: storage class specified for parameter ‘__hypotf’
/usr/include/bits/mathcalls.h:170: error: storage class specified for parameter ‘cbrtf’
/usr/include/bits/mathcalls.h:170: error: storage class specified for parameter ‘__cbrtf’
/usr/include/bits/mathcalls.h:179: error: storage class specified for parameter ‘ceilf’
/usr/include/bits/mathcalls.h:179: error: storage class specified for parameter ‘__ceilf’
/usr/include/bits/mathcalls.h:182: error: storage class specified for parameter ‘fabsf’
/usr/include/bits/mathcalls.h:182: error: storage class specified for parameter ‘__fabsf’
/usr/include/bits/mathcalls.h:185: error: storage class specified for parameter ‘floorf’
/usr/include/bits/mathcalls.h:185: error: storage class specified for parameter ‘__floorf’
/usr/include/bits/mathcalls.h:188: error: storage class specified for parameter ‘fmodf’
/usr/include/bits/mathcalls.h:188: error: storage class specified for parameter ‘__fmodf’
/usr/include/bits/mathcalls.h:193: error: storage class specified for parameter ‘__isinff’
/usr/include/bits/mathcalls.h:196: error: storage class specified for parameter ‘__finitef’
/usr/include/bits/mathcalls.h:202: error: storage class specified for parameter ‘isinff’
/usr/include/bits/mathcalls.h:205: error: storage class specified for parameter ‘finitef’
/usr/include/bits/mathcalls.h:208: error: storage class specified for parameter ‘dremf’
/usr/include/bits/mathcalls.h:208: error: storage class specified for parameter ‘__dremf’
/usr/include/bits/mathcalls.h:212: error: storage class specified for parameter ‘significandf’
/usr/include/bits/mathcalls.h:212: error: storage class specified for parameter ‘__significandf’
/usr/include/bits/mathcalls.h:218: error: storage class specified for parameter ‘copysignf’
/usr/include/bits/mathcalls.h:218: error: storage class specified for parameter ‘__copysignf’
/usr/include/bits/mathcalls.h:225: error: storage class specified for parameter ‘nanf’
/usr/include/bits/mathcalls.h:225: error: storage class specified for parameter ‘__nanf’
/usr/include/bits/mathcalls.h:231: error: storage class specified for parameter ‘__isnanf’
/usr/include/bits/mathcalls.h:235: error: storage class specified for parameter ‘isnanf’
/usr/include/bits/mathcalls.h:238: error: storage class specified for parameter ‘j0f’
/usr/include/bits/mathcalls.h:238: error: storage class specified for parameter ‘__j0f’
/usr/include/bits/mathcalls.h:239: error: storage class specified for parameter ‘j1f’
/usr/include/bits/mathcalls.h:239: error: storage class specified for parameter ‘__j1f’
/usr/include/bits/mathcalls.h:240: error: storage class specified for parameter ‘jnf’
/usr/include/bits/mathcalls.h:240: error: storage class specified for parameter ‘__jnf’
/usr/include/bits/mathcalls.h:241: error: storage class specified for parameter ‘y0f’
/usr/include/bits/mathcalls.h:241: error: storage class specified for parameter ‘__y0f’
/usr/include/bits/mathcalls.h:242: error: storage class specified for parameter ‘y1f’
/usr/include/bits/mathcalls.h:242: error: storage class specified for parameter ‘__y1f’
/usr/include/bits/mathcalls.h:243: error: storage class specified for parameter ‘ynf’
/usr/include/bits/mathcalls.h:243: error: storage class specified for parameter ‘__ynf’
/usr/include/bits/mathcalls.h:250: error: storage class specified for parameter ‘erff’
/usr/include/bits/mathcalls.h:250: error: storage class specified for parameter ‘__erff’
/usr/include/bits/mathcalls.h:251: error: storage class specified for parameter ‘erfcf’
/usr/include/bits/mathcalls.h:251: error: storage class specified for parameter ‘__erfcf’
/usr/include/bits/mathcalls.h:252: error: storage class specified for parameter ‘lgammaf’
/usr/include/bits/mathcalls.h:252: error: storage class specified for parameter ‘__lgammaf’
/usr/include/bits/mathcalls.h:259: error: storage class specified for parameter ‘tgammaf’
/usr/include/bits/mathcalls.h:259: error: storage class specified for parameter ‘__tgammaf’
/usr/include/bits/mathcalls.h:265: error: storage class specified for parameter ‘gammaf’
/usr/include/bits/mathcalls.h:265: error: storage class specified for parameter ‘__gammaf’
/usr/include/bits/mathcalls.h:272: error: storage class specified for parameter ‘lgammaf_r’
/usr/include/bits/mathcalls.h:272: error: storage class specified for parameter ‘__lgammaf_r’
/usr/include/bits/mathcalls.h:280: error: storage class specified for parameter ‘rintf’
/usr/include/bits/mathcalls.h:280: error: storage class specified for parameter ‘__rintf’
/usr/include/bits/mathcalls.h:283: error: storage class specified for parameter ‘nextafterf’
/usr/include/bits/mathcalls.h:283: error: storage class specified for parameter ‘__nextafterf’
/usr/include/bits/mathcalls.h:285: error: storage class specified for parameter ‘nexttowardf’
/usr/include/bits/mathcalls.h:285: error: storage class specified for parameter ‘__nexttowardf’
/usr/include/bits/mathcalls.h:289: error: storage class specified for parameter ‘remainderf’
/usr/include/bits/mathcalls.h:289: error: storage class specified for parameter ‘__remainderf’
/usr/include/bits/mathcalls.h:293: error: storage class specified for parameter ‘scalbnf’
/usr/include/bits/mathcalls.h:293: error: storage class specified for parameter ‘__scalbnf’
/usr/include/bits/mathcalls.h:297: error: storage class specified for parameter ‘ilogbf’
/usr/include/bits/mathcalls.h:297: error: storage class specified for parameter ‘__ilogbf’
/usr/include/bits/mathcalls.h:302: error: storage class specified for parameter ‘scalblnf’
/usr/include/bits/mathcalls.h:302: error: storage class specified for parameter ‘__scalblnf’
/usr/include/bits/mathcalls.h:306: error: storage class specified for parameter ‘nearbyintf’
/usr/include/bits/mathcalls.h:306: error: storage class specified for parameter ‘__nearbyintf’
/usr/include/bits/mathcalls.h:310: error: storage class specified for parameter ‘roundf’
/usr/include/bits/mathcalls.h:310: error: storage class specified for parameter ‘__roundf’
/usr/include/bits/mathcalls.h:314: error: storage class specified for parameter ‘truncf’
/usr/include/bits/mathcalls.h:314: error: storage class specified for parameter ‘__truncf’
/usr/include/bits/mathcalls.h:319: error: storage class specified for parameter ‘remquof’
/usr/include/bits/mathcalls.h:319: error: storage class specified for parameter ‘__remquof’
/usr/include/bits/mathcalls.h:326: error: storage class specified for parameter ‘lrintf’
/usr/include/bits/mathcalls.h:326: error: storage class specified for parameter ‘__lrintf’
/usr/include/bits/mathcalls.h:327: error: storage class specified for parameter ‘llrintf’
/usr/include/bits/mathcalls.h:327: error: storage class specified for parameter ‘__llrintf’
/usr/include/bits/mathcalls.h:331: error: storage class specified for parameter ‘lroundf’
/usr/include/bits/mathcalls.h:331: error: storage class specified for parameter ‘__lroundf’
/usr/include/bits/mathcalls.h:332: error: storage class specified for parameter ‘llroundf’
/usr/include/bits/mathcalls.h:332: error: storage class specified for parameter ‘__llroundf’
/usr/include/bits/mathcalls.h:336: error: storage class specified for parameter ‘fdimf’
/usr/include/bits/mathcalls.h:336: error: storage class specified for parameter ‘__fdimf’
/usr/include/bits/mathcalls.h:339: error: storage class specified for parameter ‘fmaxf’
/usr/include/bits/mathcalls.h:339: error: storage class specified for parameter ‘__fmaxf’
/usr/include/bits/mathcalls.h:342: error: storage class specified for parameter ‘fminf’
/usr/include/bits/mathcalls.h:342: error: storage class specified for parameter ‘__fminf’
/usr/include/bits/mathcalls.h:347: error: storage class specified for parameter ‘__fpclassifyf’
/usr/include/bits/mathcalls.h:351: error: storage class specified for parameter ‘__signbitf’
/usr/include/bits/mathcalls.h:355: error: storage class specified for parameter ‘fmaf’
/usr/include/bits/mathcalls.h:355: error: storage class specified for parameter ‘__fmaf’
/usr/include/bits/mathcalls.h:364: error: storage class specified for parameter ‘scalbf’
/usr/include/bits/mathcalls.h:364: error: storage class specified for parameter ‘__scalbf’
In file included from /usr/include/math.h:141,
                 from src/levelGenerator.c:8:
/usr/include/bits/mathcalls.h:55: error: storage class specified for parameter ‘acosl’
/usr/include/bits/mathcalls.h:55: error: storage class specified for parameter ‘__acosl’
/usr/include/bits/mathcalls.h:57: error: storage class specified for parameter ‘asinl’
/usr/include/bits/mathcalls.h:57: error: storage class specified for parameter ‘__asinl’
/usr/include/bits/mathcalls.h:59: error: storage class specified for parameter ‘atanl’
/usr/include/bits/mathcalls.h:59: error: storage class specified for parameter ‘__atanl’
/usr/include/bits/mathcalls.h:61: error: storage class specified for parameter ‘atan2l’
/usr/include/bits/mathcalls.h:61: error: storage class specified for parameter ‘__atan2l’
/usr/include/bits/mathcalls.h:64: error: storage class specified for parameter ‘cosl’
/usr/include/bits/mathcalls.h:64: error: storage class specified for parameter ‘__cosl’
/usr/include/bits/mathcalls.h:66: error: storage class specified for parameter ‘sinl’
/usr/include/bits/mathcalls.h:66: error: storage class specified for parameter ‘__sinl’
/usr/include/bits/mathcalls.h:68: error: storage class specified for parameter ‘tanl’
/usr/include/bits/mathcalls.h:68: error: storage class specified for parameter ‘__tanl’
/usr/include/bits/mathcalls.h:73: error: storage class specified for parameter ‘coshl’
/usr/include/bits/mathcalls.h:73: error: storage class specified for parameter ‘__coshl’
/usr/include/bits/mathcalls.h:75: error: storage class specified for parameter ‘sinhl’
/usr/include/bits/mathcalls.h:75: error: storage class specified for parameter ‘__sinhl’
/usr/include/bits/mathcalls.h:77: error: storage class specified for parameter ‘tanhl’
/usr/include/bits/mathcalls.h:77: error: storage class specified for parameter ‘__tanhl’
/usr/include/bits/mathcalls.h:89: error: storage class specified for parameter ‘acoshl’
/usr/include/bits/mathcalls.h:89: error: storage class specified for parameter ‘__acoshl’
/usr/include/bits/mathcalls.h:91: error: storage class specified for parameter ‘asinhl’
/usr/include/bits/mathcalls.h:91: error: storage class specified for parameter ‘__asinhl’
/usr/include/bits/mathcalls.h:93: error: storage class specified for parameter ‘atanhl’
/usr/include/bits/mathcalls.h:93: error: storage class specified for parameter ‘__atanhl’
/usr/include/bits/mathcalls.h:101: error: storage class specified for parameter ‘expl’
/usr/include/bits/mathcalls.h:101: error: storage class specified for parameter ‘__expl’
/usr/include/bits/mathcalls.h:104: error: storage class specified for parameter ‘frexpl’
/usr/include/bits/mathcalls.h:104: error: storage class specified for parameter ‘__frexpl’
/usr/include/bits/mathcalls.h:107: error: storage class specified for parameter ‘ldexpl’
/usr/include/bits/mathcalls.h:107: error: storage class specified for parameter ‘__ldexpl’
/usr/include/bits/mathcalls.h:110: error: storage class specified for parameter ‘logl’
/usr/include/bits/mathcalls.h:110: error: storage class specified for parameter ‘__logl’
/usr/include/bits/mathcalls.h:113: error: storage class specified for parameter ‘log10l’
/usr/include/bits/mathcalls.h:113: error: storage class specified for parameter ‘__log10l’
/usr/include/bits/mathcalls.h:116: error: storage class specified for parameter ‘modfl’
/usr/include/bits/mathcalls.h:116: error: storage class specified for parameter ‘__modfl’
/usr/include/bits/mathcalls.h:129: error: storage class specified for parameter ‘expm1l’
/usr/include/bits/mathcalls.h:129: error: storage class specified for parameter ‘__expm1l’
/usr/include/bits/mathcalls.h:132: error: storage class specified for parameter ‘log1pl’
/usr/include/bits/mathcalls.h:132: error: storage class specified for parameter ‘__log1pl’
/usr/include/bits/mathcalls.h:135: error: storage class specified for parameter ‘logbl’
/usr/include/bits/mathcalls.h:135: error: storage class specified for parameter ‘__logbl’
/usr/include/bits/mathcalls.h:142: error: storage class specified for parameter ‘exp2l’
/usr/include/bits/mathcalls.h:142: error: storage class specified for parameter ‘__exp2l’
/usr/include/bits/mathcalls.h:145: error: storage class specified for parameter ‘log2l’
/usr/include/bits/mathcalls.h:145: error: storage class specified for parameter ‘__log2l’
/usr/include/bits/mathcalls.h:154: error: storage class specified for parameter ‘powl’
/usr/include/bits/mathcalls.h:154: error: storage class specified for parameter ‘__powl’
/usr/include/bits/mathcalls.h:157: error: storage class specified for parameter ‘sqrtl’
/usr/include/bits/mathcalls.h:157: error: storage class specified for parameter ‘__sqrtl’
/usr/include/bits/mathcalls.h:163: error: storage class specified for parameter ‘hypotl’
/usr/include/bits/mathcalls.h:163: error: storage class specified for parameter ‘__hypotl’
/usr/include/bits/mathcalls.h:170: error: storage class specified for parameter ‘cbrtl’
/usr/include/bits/mathcalls.h:170: error: storage class specified for parameter ‘__cbrtl’
/usr/include/bits/mathcalls.h:179: error: storage class specified for parameter ‘ceill’
/usr/include/bits/mathcalls.h:179: error: storage class specified for parameter ‘__ceill’
/usr/include/bits/mathcalls.h:182: error: storage class specified for parameter ‘fabsl’
/usr/include/bits/mathcalls.h:182: error: storage class specified for parameter ‘__fabsl’
/usr/include/bits/mathcalls.h:185: error: storage class specified for parameter ‘floorl’
/usr/include/bits/mathcalls.h:185: error: storage class specified for parameter ‘__floorl’
/usr/include/bits/mathcalls.h:188: error: storage class specified for parameter ‘fmodl’
/usr/include/bits/mathcalls.h:188: error: storage class specified for parameter ‘__fmodl’
/usr/include/bits/mathcalls.h:193: error: storage class specified for parameter ‘__isinfl’
/usr/include/bits/mathcalls.h:196: error: storage class specified for parameter ‘__finitel’
/usr/include/bits/mathcalls.h:202: error: storage class specified for parameter ‘isinfl’
/usr/include/bits/mathcalls.h:205: error: storage class specified for parameter ‘finitel’
/usr/include/bits/mathcalls.h:208: error: storage class specified for parameter ‘dreml’
/usr/include/bits/mathcalls.h:208: error: storage class specified for parameter ‘__dreml’
/usr/include/bits/mathcalls.h:212: error: storage class specified for parameter ‘significandl’
/usr/include/bits/mathcalls.h:212: error: storage class specified for parameter ‘__significandl’
/usr/include/bits/mathcalls.h:218: error: storage class specified for parameter ‘copysignl’
/usr/include/bits/mathcalls.h:218: error: storage class specified for parameter ‘__copysignl’
/usr/include/bits/mathcalls.h:225: error: storage class specified for parameter ‘nanl’
/usr/include/bits/mathcalls.h:225: error: storage class specified for parameter ‘__nanl’
/usr/include/bits/mathcalls.h:231: error: storage class specified for parameter ‘__isnanl’
/usr/include/bits/mathcalls.h:235: error: storage class specified for parameter ‘isnanl’
/usr/include/bits/mathcalls.h:238: error: storage class specified for parameter ‘j0l’
/usr/include/bits/mathcalls.h:238: error: storage class specified for parameter ‘__j0l’
/usr/include/bits/mathcalls.h:239: error: storage class specified for parameter ‘j1l’
/usr/include/bits/mathcalls.h:239: error: storage class specified for parameter ‘__j1l’
/usr/include/bits/mathcalls.h:240: error: storage class specified for parameter ‘jnl’
/usr/include/bits/mathcalls.h:240: error: storage class specified for parameter ‘__jnl’
/usr/include/bits/mathcalls.h:241: error: storage class specified for parameter ‘y0l’
/usr/include/bits/mathcalls.h:241: error: storage class specified for parameter ‘__y0l’
/usr/include/bits/mathcalls.h:242: error: storage class specified for parameter ‘y1l’
/usr/include/bits/mathcalls.h:242: error: storage class specified for parameter ‘__y1l’
/usr/include/bits/mathcalls.h:243: error: storage class specified for parameter ‘ynl’
/usr/include/bits/mathcalls.h:243: error: storage class specified for parameter ‘__ynl’
/usr/include/bits/mathcalls.h:250: error: storage class specified for parameter ‘erfl’
/usr/include/bits/mathcalls.h:250: error: storage class specified for parameter ‘__erfl’
/usr/include/bits/mathcalls.h:251: error: storage class specified for parameter ‘erfcl’
/usr/include/bits/mathcalls.h:251: error: storage class specified for parameter ‘__erfcl’
/usr/include/bits/mathcalls.h:252: error: storage class specified for parameter ‘lgammal’
/usr/include/bits/mathcalls.h:252: error: storage class specified for parameter ‘__lgammal’
/usr/include/bits/mathcalls.h:259: error: storage class specified for parameter ‘tgammal’
/usr/include/bits/mathcalls.h:259: error: storage class specified for parameter ‘__tgammal’
/usr/include/bits/mathcalls.h:265: error: storage class specified for parameter ‘gammal’
/usr/include/bits/mathcalls.h:265: error: storage class specified for parameter ‘__gammal’
/usr/include/bits/mathcalls.h:272: error: storage class specified for parameter ‘lgammal_r’
/usr/include/bits/mathcalls.h:272: error: storage class specified for parameter ‘__lgammal_r’
/usr/include/bits/mathcalls.h:280: error: storage class specified for parameter ‘rintl’
/usr/include/bits/mathcalls.h:280: error: storage class specified for parameter ‘__rintl’
/usr/include/bits/mathcalls.h:283: error: storage class specified for parameter ‘nextafterl’
/usr/include/bits/mathcalls.h:283: error: storage class specified for parameter ‘__nextafterl’
/usr/include/bits/mathcalls.h:285: error: storage class specified for parameter ‘nexttowardl’
/usr/include/bits/mathcalls.h:285: error: storage class specified for parameter ‘__nexttowardl’
/usr/include/bits/mathcalls.h:289: error: storage class specified for parameter ‘remainderl’
/usr/include/bits/mathcalls.h:289: error: storage class specified for parameter ‘__remainderl’
/usr/include/bits/mathcalls.h:293: error: storage class specified for parameter ‘scalbnl’
/usr/include/bits/mathcalls.h:293: error: storage class specified for parameter ‘__scalbnl’
/usr/include/bits/mathcalls.h:297: error: storage class specified for parameter ‘ilogbl’
/usr/include/bits/mathcalls.h:297: error: storage class specified for parameter ‘__ilogbl’
/usr/include/bits/mathcalls.h:302: error: storage class specified for parameter ‘scalblnl’
/usr/include/bits/mathcalls.h:302: error: storage class specified for parameter ‘__scalblnl’
/usr/include/bits/mathcalls.h:306: error: storage class specified for parameter ‘nearbyintl’
/usr/include/bits/mathcalls.h:306: error: storage class specified for parameter ‘__nearbyintl’
/usr/include/bits/mathcalls.h:310: error: storage class specified for parameter ‘roundl’
/usr/include/bits/mathcalls.h:310: error: storage class specified for parameter ‘__roundl’
/usr/include/bits/mathcalls.h:314: error: storage class specified for parameter ‘truncl’
/usr/include/bits/mathcalls.h:314: error: storage class specified for parameter ‘__truncl’
/usr/include/bits/mathcalls.h:319: error: storage class specified for parameter ‘remquol’
/usr/include/bits/mathcalls.h:319: error: storage class specified for parameter ‘__remquol’
/usr/include/bits/mathcalls.h:326: error: storage class specified for parameter ‘lrintl’
/usr/include/bits/mathcalls.h:326: error: storage class specified for parameter ‘__lrintl’
/usr/include/bits/mathcalls.h:327: error: storage class specified for parameter ‘llrintl’
/usr/include/bits/mathcalls.h:327: error: storage class specified for parameter ‘__llrintl’
/usr/include/bits/mathcalls.h:331: error: storage class specified for parameter ‘lroundl’
/usr/include/bits/mathcalls.h:331: error: storage class specified for parameter ‘__lroundl’
/usr/include/bits/mathcalls.h:332: error: storage class specified for parameter ‘llroundl’
/usr/include/bits/mathcalls.h:332: error: storage class specified for parameter ‘__llroundl’
/usr/include/bits/mathcalls.h:336: error: storage class specified for parameter ‘fdiml’
/usr/include/bits/mathcalls.h:336: error: storage class specified for parameter ‘__fdiml’
/usr/include/bits/mathcalls.h:339: error: storage class specified for parameter ‘fmaxl’
/usr/include/bits/mathcalls.h:339: error: storage class specified for parameter ‘__fmaxl’
/usr/include/bits/mathcalls.h:342: error: storage class specified for parameter ‘fminl’
/usr/include/bits/mathcalls.h:342: error: storage class specified for parameter ‘__fminl’
/usr/include/bits/mathcalls.h:347: error: storage class specified for parameter ‘__fpclassifyl’
/usr/include/bits/mathcalls.h:351: error: storage class specified for parameter ‘__signbitl’
/usr/include/bits/mathcalls.h:355: error: storage class specified for parameter ‘fmal’
/usr/include/bits/mathcalls.h:355: error: storage class specified for parameter ‘__fmal’
/usr/include/bits/mathcalls.h:364: error: storage class specified for parameter ‘scalbl’
/usr/include/bits/mathcalls.h:364: error: storage class specified for parameter ‘__scalbl’
In file included from src/levelGenerator.c:8:
/usr/include/math.h:157: error: storage class specified for parameter ‘signgam’
/usr/include/math.h:298: error: storage class specified for parameter ‘_LIB_VERSION_TYPE’
/usr/include/math.h:303: error: expected ‘=’, ‘,’, ‘;’, ‘asm’ or ‘__attribute__’ before ‘_LIB_VERSION’
/usr/include/math.h:329: error: storage class specified for parameter ‘matherr’
src/levelGenerator.c:10: warning: empty declaration
src/levelGenerator.c:16: warning: empty declaration
src/levelGenerator.c:26: error: expected ‘=’, ‘,’, ‘;’, ‘asm’ or ‘__attribute__’ before ‘{’ token
src/levelGenerator.c:38: error: expected declaration specifiers before ‘;’ token
src/levelGenerator.c:41: error: expected ‘=’, ‘,’, ‘;’, ‘asm’ or ‘__attribute__’ before ‘{’ token
src/levelGenerator.c:50: error: expected declaration specifiers before ‘;’ token
src/levelGenerator.c:53: error: expected ‘=’, ‘,’, ‘;’, ‘asm’ or ‘__attribute__’ before ‘{’ token
src/levelGenerator.c:61: error: expected declaration specifiers before ‘;’ token
src/levelGenerator.c:64: error: expected ‘=’, ‘,’, ‘;’, ‘asm’ or ‘__attribute__’ before ‘{’ token
src/levelGenerator.c:80: error: expected declaration specifiers before ‘;’ token
src/levelGenerator.c:83: error: expected ‘=’, ‘,’, ‘;’, ‘asm’ or ‘__attribute__’ before ‘{’ token
src/levelGenerator.c:97: error: expected declaration specifiers before ‘;’ token
src/levelGenerator.c:101: error: expected ‘=’, ‘,’, ‘;’, ‘asm’ or ‘__attribute__’ before ‘{’ token
src/levelGenerator.c:170: error: expected declaration specifiers before ‘;’ token
./include/action.h:89: error: old-style parameter declarations in prototyped function definition
src/levelGenerator.c:170: error: expected ‘{’ at end of input
make: *** [base] Error 1
